<?xml version="1.0" encoding="UTF-8"?>
<!-- Generated by org.testng.reporters.JUnitXMLReporter -->
<testsuite ignored="11" hostname="SAMAIRA" failures="0" tests="1" name="Default test(failed)" time="15.287" errors="0" timestamp="2023-12-06T17:56:44 IST">
  <testcase classname="testCases.CartPageTest" name="verifycartdescrLable" time="0.039"/>
  <testcase classname="testCases.CartPageTest" name="verifySwaglablable" time="0.0">
    <ignored/>
  </testcase> <!-- verifySwaglablable -->
  <testcase classname="testCases.CartPageTest" name="verifyQTY" time="0.0">
    <ignored/>
  </testcase> <!-- verifyQTY -->
  <testcase classname="testCases.CartPageTest" name="CheckoutBtn" time="0.0">
    <ignored/>
  </testcase> <!-- CheckoutBtn -->
  <testcase classname="testCases.CartPageTest" name="verifyLinkedIdLogo" time="0.0">
    <ignored/>
  </testcase> <!-- verifyLinkedIdLogo -->
  <testcase classname="testCases.CartPageTest" name="verifycartproductLableTest" time="0.0">
    <ignored/>
  </testcase> <!-- verifycartproductLableTest -->
  <testcase classname="testCases.CartPageTest" name="verifyYourcartlable" time="0.0">
    <ignored/>
  </testcase> <!-- verifyYourcartlable -->
  <testcase classname="testCases.CartPageTest" name="verifyFooterText" time="0.0">
    <ignored/>
  </testcase> <!-- verifyFooterText -->
  <testcase classname="testCases.CartPageTest" name="verifyFacebookLogo" time="0.0">
    <ignored/>
  </testcase> <!-- verifyFacebookLogo -->
  <testcase classname="testCases.CartPageTest" name="verifyDescription" time="0.0">
    <ignored/>
  </testcase> <!-- verifyDescription -->
  <testcase classname="testCases.CartPageTest" name="verifyTwitterLogo" time="0.0">
    <ignored/>
  </testcase> <!-- verifyTwitterLogo -->
  <testcase classname="testCases.CartPageTest" name="ContinueShoppingBtn" time="0.0">
    <ignored/>
  </testcase> <!-- ContinueShoppingBtn -->
</testsuite> <!-- Default test(failed) -->
