<?xml version="1.0" encoding="UTF-8"?>
<!-- Generated by org.testng.reporters.JUnitXMLReporter -->
<testsuite ignored="0" hostname="SAMAIRA" failures="0" tests="9" name="Test_Groups" time="77.3" errors="0" timestamp="2023-12-12T17:32:34 IST">
  <testcase classname="testCases.LoginPageTest" name="LoginToApplication" time="0.809"/>
  <testcase classname="testCases.LoginPageTest" name="VerifyTitleOfApplication" time="0.019"/>
  <testcase classname="testCases.LoginPageTest" name="VerifyURLofApplication" time="0.02"/>
  <testcase classname="testCases.Inventory_page_2_test" name="add6products" time="1.129"/>
  <testcase classname="testCases.Inventory_page_2_test" name="verifyFacebookLogo" time="0.145"/>
  <testcase classname="testCases.Inventory_page_2_test" name="verifyFooterText" time="0.079"/>
  <testcase classname="testCases.Inventory_page_2_test" name="verifyLinkedIdLogo" time="0.084"/>
  <testcase classname="testCases.Inventory_page_2_test" name="verifyProductLable" time="0.078"/>
  <testcase classname="testCases.Inventory_page_2_test" name="verifyTwitterLogo" time="0.073"/>
</testsuite> <!-- Test_Groups -->
