<?xml version="1.0" encoding="UTF-8"?>
<!-- Generated by org.testng.reporters.JUnitReportReporter -->
<testsuite hostname="SAMAIRA" failures="0" tests="6" name="testCases.Inventory_page_2_test" time="50.666" errors="0" timestamp="2023-12-12T17:32:34 IST" skipped="0">
  <testcase classname="testCases.Inventory_page_2_test" name="add6products" time="9.583"/>
  <system-out>
    <![CDATA[Total Products added to Cart=6]]>
  </system-out>
  <testcase classname="testCases.Inventory_page_2_test" name="verifyProductLable" time="7.848"/>
  <system-out>
    <![CDATA[Lable Of Inventory Page=Products]]>
  </system-out>
  <testcase classname="testCases.Inventory_page_2_test" name="verifyTwitterLogo" time="8.093"/>
  <system-out>
    <![CDATA[Visibility Of Twitter Logo=true]]>
  </system-out>
  <testcase classname="testCases.Inventory_page_2_test" name="verifyLinkedIdLogo" time="8.500"/>
  <system-out>
    <![CDATA[Visibility Of LinkedIn Logo=true]]>
  </system-out>
  <testcase classname="testCases.Inventory_page_2_test" name="verifyFooterText" time="8.163"/>
  <system-out>
    <![CDATA[Footer Page Text=© 2023 Sauce Labs. All Rights Reserved. Terms of Service | Privacy Policy]]>
  </system-out>
  <testcase classname="testCases.Inventory_page_2_test" name="verifyFacebookLogo" time="8.479"/>
  <system-out>
    <![CDATA[Visibility Of Facebook Logo=true]]>
  </system-out>
</testsuite> <!-- testCases.Inventory_page_2_test -->
