<?xml version="1.0" encoding="UTF-8"?>
<!-- Generated by org.testng.reporters.JUnitReportReporter -->
<testsuite hostname="SAMAIRA" failures="0" tests="12" name="testCases.CartPageTest" time="90.468" errors="0" timestamp="2023-12-06T18:00:10 IST" skipped="0">
  <testcase classname="testCases.CartPageTest" name="verifycartproductLableTest" time="6.460"/>
  <system-out>
    <![CDATA[Lable of product=Sauce Labs Backpack]]>
  </system-out>
  <testcase classname="testCases.CartPageTest" name="verifyQTY" time="6.657"/>
  <system-out>
    <![CDATA[Lable Of Inventory Page=QTY]]>
  </system-out>
  <testcase classname="testCases.CartPageTest" name="verifyTwitterLogo" time="6.580"/>
  <system-out>
    <![CDATA[Visibility Of Twitter Logo=true]]>
  </system-out>
  <testcase classname="testCases.CartPageTest" name="verifyLinkedIdLogo" time="6.593"/>
  <system-out>
    <![CDATA[Visibility Of LinkedIn Logo=true]]>
  </system-out>
  <testcase classname="testCases.CartPageTest" name="verifyDescription" time="8.405"/>
  <system-out>
    <![CDATA[Lable Of Inventory Page=Description]]>
  </system-out>
  <testcase classname="testCases.CartPageTest" name="verifyFooterText" time="6.294"/>
  <system-out>
    <![CDATA[Footer Page Text=© 2023 Sauce Labs. All Rights Reserved. Terms of Service | Privacy Policy]]>
  </system-out>
  <testcase classname="testCases.CartPageTest" name="verifyYourcartlable" time="7.367"/>
  <system-out>
    <![CDATA[Lable Of Inventory Page=Your Cart]]>
  </system-out>
  <testcase classname="testCases.CartPageTest" name="CheckoutBtn" time="6.620"/>
  <system-out>
    <![CDATA[CheckoutBtn=https://www.saucedemo.com/checkout-step-one.html]]>
  </system-out>
  <testcase classname="testCases.CartPageTest" name="ContinueShoppingBtn" time="10.560"/>
  <system-out>
    <![CDATA[ContinueShoppingBtn=https://www.saucedemo.com/inventory.html]]>
  </system-out>
  <testcase classname="testCases.CartPageTest" name="verifyFacebookLogo" time="6.380"/>
  <system-out>
    <![CDATA[Visibility Of Facebook Logo=true]]>
  </system-out>
  <testcase classname="testCases.CartPageTest" name="verifycartdescrLable" time="10.503"/>
  <system-out>
    <![CDATA[Description  Of backpack=carry.allTheThings() with the sleek, streamlined Sly Pack that melds uncompromising style with unequaled laptop and tablet protection.]]>
  </system-out>
  <testcase classname="testCases.CartPageTest" name="verifySwaglablable" time="8.049"/>
  <system-out>
    <![CDATA[Lable Of Inventory Page=Swag Labs]]>
  </system-out>
</testsuite> <!-- testCases.CartPageTest -->
