<?xml version="1.0" encoding="UTF-8"?>
<!-- Generated by org.testng.reporters.JUnitXMLReporter -->
<testsuite ignored="2" hostname="SAMAIRA" failures="0" tests="1" name="Default test" time="9.051" errors="0" timestamp="2023-12-13T14:54:03 IST">
  <testcase classname="testCases.LoginPageTest" name="LoginToApplication" time="0.427"/>
  <testcase classname="testCases.LoginPageTest" name="VerifyTitleOfApplication" time="0.0">
    <ignored/>
  </testcase> <!-- VerifyTitleOfApplication -->
  <testcase classname="testCases.LoginPageTest" name="VerifyURLofApplication" time="0.0">
    <ignored/>
  </testcase> <!-- VerifyURLofApplication -->
</testsuite> <!-- Default test -->
