<?xml version="1.0" encoding="UTF-8"?>
<!-- Generated by org.testng.reporters.JUnitXMLReporter -->
<testsuite ignored="0" hostname="SAMAIRA" failures="0" tests="21" name="Test" time="153.7" errors="0" timestamp="2023-12-06T18:00:10 IST">
  <testcase classname="testCases.CartPageTest" name="CheckoutBtn" time="0.106"/>
  <testcase classname="testCases.CartPageTest" name="ContinueShoppingBtn" time="0.08"/>
  <testcase classname="testCases.CartPageTest" name="verifyDescription" time="0.028"/>
  <testcase classname="testCases.CartPageTest" name="verifyFacebookLogo" time="0.053"/>
  <testcase classname="testCases.CartPageTest" name="verifyFooterText" time="0.028"/>
  <testcase classname="testCases.CartPageTest" name="verifyLinkedIdLogo" time="0.036"/>
  <testcase classname="testCases.CartPageTest" name="verifyQTY" time="0.034"/>
  <testcase classname="testCases.CartPageTest" name="verifySwaglablable" time="0.027"/>
  <testcase classname="testCases.CartPageTest" name="verifyTwitterLogo" time="0.047"/>
  <testcase classname="testCases.CartPageTest" name="verifyYourcartlable" time="0.035"/>
  <testcase classname="testCases.CartPageTest" name="verifycartdescrLable" time="0.046"/>
  <testcase classname="testCases.CartPageTest" name="verifycartproductLableTest" time="0.028"/>
  <testcase classname="testCases.LoginPageTest" name="LoginToApplication" time="0.605"/>
  <testcase classname="testCases.LoginPageTest" name="VerifyTitleOfApplication" time="0.012"/>
  <testcase classname="testCases.LoginPageTest" name="VerifyURLofApplication" time="0.009"/>
  <testcase classname="testCases.Inventory_page_2_test" name="add6products" time="0.638"/>
  <testcase classname="testCases.Inventory_page_2_test" name="verifyFacebookLogo" time="0.057"/>
  <testcase classname="testCases.Inventory_page_2_test" name="verifyFooterText" time="0.057"/>
  <testcase classname="testCases.Inventory_page_2_test" name="verifyLinkedIdLogo" time="0.058"/>
  <testcase classname="testCases.Inventory_page_2_test" name="verifyProductLable" time="0.058"/>
  <testcase classname="testCases.Inventory_page_2_test" name="verifyTwitterLogo" time="0.097"/>
</testsuite> <!-- Test -->
