<?xml version="1.0" encoding="UTF-8"?>
<!-- Generated by org.testng.reporters.JUnitXMLReporter -->
<testsuite ignored="0" hostname="SAMAIRA" failures="0" tests="9" name="Test" time="78.389" errors="0" timestamp="2023-12-05T20:31:03 IST">
  <testcase classname="testCases.LoginPageTest" name="LoginToApplication" time="0.582"/>
  <testcase classname="testCases.LoginPageTest" name="VerifyTitleOfApplication" time="0.019"/>
  <testcase classname="testCases.LoginPageTest" name="VerifyURLofApplication" time="0.013"/>
  <testcase classname="testCases.Inventory_page_2_test" name="add6products" time="0.811"/>
  <testcase classname="testCases.Inventory_page_2_test" name="verifyFacebookLogo" time="0.09"/>
  <testcase classname="testCases.Inventory_page_2_test" name="verifyFooterText" time="0.067"/>
  <testcase classname="testCases.Inventory_page_2_test" name="verifyLinkedIdLogo" time="0.068"/>
  <testcase classname="testCases.Inventory_page_2_test" name="verifyProductLable" time="0.057"/>
  <testcase classname="testCases.Inventory_page_2_test" name="verifyTwitterLogo" time="0.08"/>
</testsuite> <!-- Test -->
