<?xml version="1.0" encoding="UTF-8"?>
<testng-results ignored="2" total="3" passed="1" failed="0" skipped="0">
  <reporter-output>
  </reporter-output>
  <suite started-at="2023-12-13T14:53:54 IST" name="Default suite" finished-at="2023-12-13T14:54:03 IST" duration-ms="9051">
    <groups>
      <group name="Regression">
        <method signature="LoginPageTest.LoginToApplication()[pri:0, instance:testCases.LoginPageTest@20d7d6fb]" name="LoginToApplication" class="testCases.LoginPageTest"/>
      </group> <!-- Regression -->
    </groups>
    <test started-at="2023-12-13T14:53:54 IST" name="Default test" finished-at="2023-12-13T14:54:03 IST" duration-ms="9051">
      <class name="testCases.LoginPageTest">
        <test-method is-config="true" signature="setUp()[pri:0, instance:testCases.LoginPageTest@20d7d6fb]" started-at="2023-12-13T14:53:54 IST" name="setUp" finished-at="2023-12-13T14:54:02 IST" duration-ms="7757" status="PASS">
          <reporter-output>
          </reporter-output>
        </test-method> <!-- setUp -->
        <test-method signature="LoginToApplication()[pri:0, instance:testCases.LoginPageTest@20d7d6fb]" started-at="2023-12-13T14:54:02 IST" name="LoginToApplication" finished-at="2023-12-13T14:54:02 IST" duration-ms="427" status="PASS">
          <reporter-output>
          </reporter-output>
        </test-method> <!-- LoginToApplication -->
        <test-method is-config="true" signature="CloseBrowser()[pri:0, instance:testCases.LoginPageTest@20d7d6fb]" started-at="2023-12-13T14:54:02 IST" name="CloseBrowser" finished-at="2023-12-13T14:54:03 IST" duration-ms="784" status="PASS">
          <reporter-output>
          </reporter-output>
        </test-method> <!-- CloseBrowser -->
      </class> <!-- testCases.LoginPageTest -->
    </test> <!-- Default test -->
  </suite> <!-- Default suite -->
</testng-results>
